
*** Running vivado
    with args -log top_rf_alu.vds -m64 -product Vivado -mode batch -messageDb vivado.pb -notrace -source top_rf_alu.tcl



****** Vivado v2020.1 (64-bit)
  **** SW Build 2902540 on Wed May 27 19:54:49 MDT 2020
  **** IP Build 2902112 on Wed May 27 22:43:36 MDT 2020
    ** Copyright 1986-2020 Xilinx, Inc. All Rights Reserved.

source top_rf_alu.tcl -notrace
Command: synth_design -top top_rf_alu -part xc7a35tcpg236-1
Starting synth_design
Attempting to get a license for feature 'Synthesis' and/or device 'xc7a35t'
INFO: [Common 17-349] Got license for feature 'Synthesis' and/or device 'xc7a35t'
INFO: [Device 21-403] Loading part xc7a35tcpg236-1
INFO: [Synth 8-7079] Multithreading enabled for synth_design using a maximum of 2 processes.
INFO: [Synth 8-7078] Launching helper process for spawning children vivado processes
INFO: [Synth 8-7075] Helper process launched with PID 42484
WARNING: [Synth 8-6901] identifier 'alu_result' is used before its declaration [C:/Users/wk09758/Downloads/lab07/lab07/lab07.srcs/sources_1/new/top.v:187]
WARNING: [Synth 8-6901] identifier 'alu_result' is used before its declaration [C:/Users/wk09758/Downloads/lab07/lab07/lab07.srcs/sources_1/new/top.v:213]
WARNING: [Synth 8-6901] identifier 'alu_result' is used before its declaration [C:/Users/wk09758/Downloads/lab07/lab07/lab07.srcs/sources_1/new/top.v:239]
WARNING: [Synth 8-6901] identifier 'alu_result' is used before its declaration [C:/Users/wk09758/Downloads/lab07/lab07/lab07.srcs/sources_1/new/top.v:265]
---------------------------------------------------------------------------------
Starting RTL Elaboration : Time (s): cpu = 00:00:02 ; elapsed = 00:00:03 . Memory (MB): peak = 1028.316 ; gain = 0.000
---------------------------------------------------------------------------------
INFO: [Synth 8-6157] synthesizing module 'top_rf_alu' [C:/Users/wk09758/Downloads/lab07/lab07/lab07.srcs/sources_1/new/top.v:25]
	Parameter S_IDLE bound to: 4'b0000 
	Parameter S_W_X1 bound to: 4'b0001 
	Parameter S_W_X2 bound to: 4'b0010 
	Parameter S_W_X3 bound to: 4'b0011 
	Parameter S_READ_ADD bound to: 4'b0100 
	Parameter S_WRES_ADD bound to: 4'b0101 
	Parameter S_READ_SUB bound to: 4'b0110 
	Parameter S_WRES_SUB bound to: 4'b0111 
	Parameter S_READ_AND bound to: 4'b1000 
	Parameter S_WRES_AND bound to: 4'b1001 
	Parameter S_READ_OR bound to: 4'b1010 
	Parameter S_WRES_OR bound to: 4'b1011 
	Parameter S_DONE bound to: 4'b1100 
	Parameter CONST_A bound to: 269488144 - type: integer 
	Parameter CONST_B bound to: 16843009 - type: integer 
INFO: [Synth 8-6157] synthesizing module 'debounce' [C:/Users/wk09758/Downloads/lab07/lab07/lab07.srcs/sources_1/new/top.v:374]
	Parameter DB_CNT bound to: 20 - type: integer 
INFO: [Synth 8-6155] done synthesizing module 'debounce' (1#1) [C:/Users/wk09758/Downloads/lab07/lab07/lab07.srcs/sources_1/new/top.v:374]
INFO: [Synth 8-6157] synthesizing module 'edge_detect' [C:/Users/wk09758/Downloads/lab07/lab07/lab07.srcs/sources_1/new/top.v:396]
INFO: [Synth 8-6155] done synthesizing module 'edge_detect' (2#1) [C:/Users/wk09758/Downloads/lab07/lab07/lab07.srcs/sources_1/new/top.v:396]
INFO: [Synth 8-6157] synthesizing module 'RegisterFile' [C:/Users/wk09758/Downloads/lab07/lab07/lab07.srcs/sources_1/new/reg_file.v:23]
INFO: [Synth 8-6155] done synthesizing module 'RegisterFile' (3#1) [C:/Users/wk09758/Downloads/lab07/lab07/lab07.srcs/sources_1/new/reg_file.v:23]
INFO: [Synth 8-6157] synthesizing module 'ALU' [C:/Users/wk09758/Downloads/lab07/lab07/lab07.srcs/sources_1/new/ALU_module.v:21]
INFO: [Synth 8-6157] synthesizing module 'ALU_1bit' [C:/Users/wk09758/Downloads/lab07/lab07/lab07.srcs/sources_1/new/alugen.v:45]
INFO: [Synth 8-6155] done synthesizing module 'ALU_1bit' (4#1) [C:/Users/wk09758/Downloads/lab07/lab07/lab07.srcs/sources_1/new/alugen.v:45]
INFO: [Synth 8-6155] done synthesizing module 'ALU' (5#1) [C:/Users/wk09758/Downloads/lab07/lab07/lab07.srcs/sources_1/new/ALU_module.v:21]
INFO: [Synth 8-6157] synthesizing module 'seven_seg_hex' [C:/Users/wk09758/Downloads/lab07/lab07/lab07.srcs/sources_1/new/seven _seg.v:13]
INFO: [Synth 8-226] default block is never used [C:/Users/wk09758/Downloads/lab07/lab07/lab07.srcs/sources_1/new/seven _seg.v:54]
INFO: [Synth 8-6155] done synthesizing module 'seven_seg_hex' (6#1) [C:/Users/wk09758/Downloads/lab07/lab07/lab07.srcs/sources_1/new/seven _seg.v:13]
INFO: [Synth 8-6155] done synthesizing module 'top_rf_alu' (7#1) [C:/Users/wk09758/Downloads/lab07/lab07/lab07.srcs/sources_1/new/top.v:25]
---------------------------------------------------------------------------------
Finished RTL Elaboration : Time (s): cpu = 00:00:03 ; elapsed = 00:00:04 . Memory (MB): peak = 1028.316 ; gain = 0.000
---------------------------------------------------------------------------------
---------------------------------------------------------------------------------
Start Handling Custom Attributes
---------------------------------------------------------------------------------
---------------------------------------------------------------------------------
Finished Handling Custom Attributes : Time (s): cpu = 00:00:03 ; elapsed = 00:00:04 . Memory (MB): peak = 1028.316 ; gain = 0.000
---------------------------------------------------------------------------------
---------------------------------------------------------------------------------
Finished RTL Optimization Phase 1 : Time (s): cpu = 00:00:03 ; elapsed = 00:00:04 . Memory (MB): peak = 1028.316 ; gain = 0.000
---------------------------------------------------------------------------------
Netlist sorting complete. Time (s): cpu = 00:00:00 ; elapsed = 00:00:00.010 . Memory (MB): peak = 1028.316 ; gain = 0.000
INFO: [Project 1-570] Preparing netlist for logic optimization

Processing XDC Constraints
Initializing timing engine
Parsing XDC File [C:/Users/wk09758/Downloads/lab07/lab07/lab07.srcs/constrs_1/new/const.xdc]
Finished Parsing XDC File [C:/Users/wk09758/Downloads/lab07/lab07/lab07.srcs/constrs_1/new/const.xdc]
INFO: [Project 1-236] Implementation specific constraints were found while reading constraint file [C:/Users/wk09758/Downloads/lab07/lab07/lab07.srcs/constrs_1/new/const.xdc]. These constraints will be ignored for synthesis but will be used in implementation. Impacted constraints are listed in the file [.Xil/top_rf_alu_propImpl.xdc].
Resolution: To avoid this warning, move constraints listed in [.Xil/top_rf_alu_propImpl.xdc] to another XDC file and exclude this new file from synthesis with the used_in_synthesis property (File Properties dialog in GUI) and re-run elaboration/synthesis.
Completed Processing XDC Constraints

Netlist sorting complete. Time (s): cpu = 00:00:00 ; elapsed = 00:00:00 . Memory (MB): peak = 1038.574 ; gain = 0.000
INFO: [Project 1-111] Unisim Transformation Summary:
No Unisim elements were transformed.

Constraint Validation Runtime : Time (s): cpu = 00:00:00 ; elapsed = 00:00:00.005 . Memory (MB): peak = 1038.574 ; gain = 0.000
---------------------------------------------------------------------------------
Finished Constraint Validation : Time (s): cpu = 00:00:06 ; elapsed = 00:00:08 . Memory (MB): peak = 1038.574 ; gain = 10.258
---------------------------------------------------------------------------------
---------------------------------------------------------------------------------
Start Loading Part and Timing Information
---------------------------------------------------------------------------------
Loading part: xc7a35tcpg236-1
---------------------------------------------------------------------------------
Finished Loading Part and Timing Information : Time (s): cpu = 00:00:06 ; elapsed = 00:00:08 . Memory (MB): peak = 1038.574 ; gain = 10.258
---------------------------------------------------------------------------------
---------------------------------------------------------------------------------
Start Applying 'set_property' XDC Constraints
---------------------------------------------------------------------------------
---------------------------------------------------------------------------------
Finished applying 'set_property' XDC Constraints : Time (s): cpu = 00:00:06 ; elapsed = 00:00:08 . Memory (MB): peak = 1038.574 ; gain = 10.258
---------------------------------------------------------------------------------
INFO: [Synth 8-802] inferred FSM for state register 'fsm_state_reg' in module 'top_rf_alu'
---------------------------------------------------------------------------------------------------
                   State |                     New Encoding |                Previous Encoding 
---------------------------------------------------------------------------------------------------
                  S_IDLE |                    0000000000001 |                             0000
                  S_W_X1 |                    0000000000010 |                             0001
                  S_W_X2 |                    0000000000100 |                             0010
                  S_W_X3 |                    0000000001000 |                             0011
              S_READ_ADD |                    0000000010000 |                             0100
              S_WRES_ADD |                    0000000100000 |                             0101
              S_READ_SUB |                    0000001000000 |                             0110
              S_WRES_SUB |                    0000010000000 |                             0111
              S_READ_AND |                    0000100000000 |                             1000
              S_WRES_AND |                    0001000000000 |                             1001
               S_READ_OR |                    0010000000000 |                             1010
               S_WRES_OR |                    0100000000000 |                             1011
                  S_DONE |                    1000000000000 |                             1100
---------------------------------------------------------------------------------------------------
INFO: [Synth 8-3354] encoded FSM with state register 'fsm_state_reg' using encoding 'one-hot' in module 'top_rf_alu'
---------------------------------------------------------------------------------
Finished RTL Optimization Phase 2 : Time (s): cpu = 00:00:06 ; elapsed = 00:00:08 . Memory (MB): peak = 1038.574 ; gain = 10.258
---------------------------------------------------------------------------------
---------------------------------------------------------------------------------
Start RTL Component Statistics 
---------------------------------------------------------------------------------
Detailed RTL Component Info : 
+---Adders : 
	   2 Input    4 Bit       Adders := 1     
	   3 Input    2 Bit       Adders := 32    
+---XORs : 
	   2 Input      1 Bit         XORs := 32    
+---Registers : 
	               32 Bit    Registers := 32    
	               20 Bit    Registers := 1     
	                5 Bit    Registers := 3     
	                4 Bit    Registers := 3     
	                1 Bit    Registers := 4     
+---Muxes : 
	   4 Input   32 Bit        Muxes := 1     
	   2 Input   32 Bit        Muxes := 2     
	  13 Input   32 Bit        Muxes := 1     
	   4 Input    4 Bit        Muxes := 2     
	  13 Input    3 Bit        Muxes := 1     
	  13 Input    2 Bit        Muxes := 2     
	   2 Input    1 Bit        Muxes := 63    
	  13 Input    1 Bit        Muxes := 2     
---------------------------------------------------------------------------------
Finished RTL Component Statistics 
---------------------------------------------------------------------------------
---------------------------------------------------------------------------------
Start Part Resource Summary
---------------------------------------------------------------------------------
Part Resources:
DSPs: 90 (col length:60)
BRAMs: 100 (col length: RAMB18 60 RAMB36 30)
---------------------------------------------------------------------------------
Finished Part Resource Summary
---------------------------------------------------------------------------------
---------------------------------------------------------------------------------
Start Cross Boundary and Area Optimization
---------------------------------------------------------------------------------
---------------------------------------------------------------------------------
Finished Cross Boundary and Area Optimization : Time (s): cpu = 00:00:09 ; elapsed = 00:00:11 . Memory (MB): peak = 1038.574 ; gain = 10.258
---------------------------------------------------------------------------------
---------------------------------------------------------------------------------
Start Applying XDC Timing Constraints
---------------------------------------------------------------------------------
---------------------------------------------------------------------------------
Finished Applying XDC Timing Constraints : Time (s): cpu = 00:00:14 ; elapsed = 00:00:15 . Memory (MB): peak = 1038.574 ; gain = 10.258
---------------------------------------------------------------------------------
---------------------------------------------------------------------------------
Start Timing Optimization
---------------------------------------------------------------------------------
---------------------------------------------------------------------------------
Finished Timing Optimization : Time (s): cpu = 00:00:14 ; elapsed = 00:00:15 . Memory (MB): peak = 1044.875 ; gain = 16.559
---------------------------------------------------------------------------------
---------------------------------------------------------------------------------
Start Technology Mapping
---------------------------------------------------------------------------------
---------------------------------------------------------------------------------
Finished Technology Mapping : Time (s): cpu = 00:00:14 ; elapsed = 00:00:16 . Memory (MB): peak = 1054.457 ; gain = 26.141
---------------------------------------------------------------------------------
---------------------------------------------------------------------------------
Start IO Insertion
---------------------------------------------------------------------------------
---------------------------------------------------------------------------------
Start Flattening Before IO Insertion
---------------------------------------------------------------------------------
---------------------------------------------------------------------------------
Finished Flattening Before IO Insertion
---------------------------------------------------------------------------------
---------------------------------------------------------------------------------
Start Final Netlist Cleanup
---------------------------------------------------------------------------------
---------------------------------------------------------------------------------
Finished Final Netlist Cleanup
---------------------------------------------------------------------------------
---------------------------------------------------------------------------------
Finished IO Insertion : Time (s): cpu = 00:00:16 ; elapsed = 00:00:17 . Memory (MB): peak = 1061.242 ; gain = 32.926
---------------------------------------------------------------------------------
---------------------------------------------------------------------------------
Start Renaming Generated Instances
---------------------------------------------------------------------------------
---------------------------------------------------------------------------------
Finished Renaming Generated Instances : Time (s): cpu = 00:00:16 ; elapsed = 00:00:17 . Memory (MB): peak = 1061.242 ; gain = 32.926
---------------------------------------------------------------------------------
---------------------------------------------------------------------------------
Start Rebuilding User Hierarchy
---------------------------------------------------------------------------------
---------------------------------------------------------------------------------
Finished Rebuilding User Hierarchy : Time (s): cpu = 00:00:16 ; elapsed = 00:00:17 . Memory (MB): peak = 1061.242 ; gain = 32.926
---------------------------------------------------------------------------------
---------------------------------------------------------------------------------
Start Renaming Generated Ports
---------------------------------------------------------------------------------
---------------------------------------------------------------------------------
Finished Renaming Generated Ports : Time (s): cpu = 00:00:16 ; elapsed = 00:00:17 . Memory (MB): peak = 1061.242 ; gain = 32.926
---------------------------------------------------------------------------------
---------------------------------------------------------------------------------
Start Handling Custom Attributes
---------------------------------------------------------------------------------
---------------------------------------------------------------------------------
Finished Handling Custom Attributes : Time (s): cpu = 00:00:16 ; elapsed = 00:00:17 . Memory (MB): peak = 1061.242 ; gain = 32.926
---------------------------------------------------------------------------------
---------------------------------------------------------------------------------
Start Renaming Generated Nets
---------------------------------------------------------------------------------
---------------------------------------------------------------------------------
Finished Renaming Generated Nets : Time (s): cpu = 00:00:16 ; elapsed = 00:00:17 . Memory (MB): peak = 1061.242 ; gain = 32.926
---------------------------------------------------------------------------------
---------------------------------------------------------------------------------
Start Writing Synthesis Report
---------------------------------------------------------------------------------

Report BlackBoxes: 
+-+--------------+----------+
| |BlackBox name |Instances |
+-+--------------+----------+
+-+--------------+----------+

Report Cell Usage: 
+------+-------+------+
|      |Cell   |Count |
+------+-------+------+
|1     |BUFG   |     1|
|2     |CARRY4 |     5|
|3     |LUT1   |     2|
|4     |LUT2   |    10|
|5     |LUT3   |     6|
|6     |LUT4   |    48|
|7     |LUT5   |    32|
|8     |LUT6   |    91|
|9     |MUXF7  |     7|
|10    |FDCE   |    77|
|11    |FDPE   |     1|
|12    |FDRE   |    87|
|13    |IBUF   |     4|
|14    |OBUF   |    27|
+------+-------+------+
---------------------------------------------------------------------------------
Finished Writing Synthesis Report : Time (s): cpu = 00:00:16 ; elapsed = 00:00:17 . Memory (MB): peak = 1061.242 ; gain = 32.926
---------------------------------------------------------------------------------
Synthesis finished with 0 errors, 0 critical warnings and 0 warnings.
Synthesis Optimization Runtime : Time (s): cpu = 00:00:12 ; elapsed = 00:00:16 . Memory (MB): peak = 1061.242 ; gain = 22.668
Synthesis Optimization Complete : Time (s): cpu = 00:00:16 ; elapsed = 00:00:17 . Memory (MB): peak = 1061.242 ; gain = 32.926
INFO: [Project 1-571] Translating synthesized netlist
Netlist sorting complete. Time (s): cpu = 00:00:00 ; elapsed = 00:00:00.003 . Memory (MB): peak = 1061.242 ; gain = 0.000
INFO: [Netlist 29-17] Analyzing 12 Unisim elements for replacement
INFO: [Netlist 29-28] Unisim Transformation completed in 0 CPU seconds
INFO: [Project 1-570] Preparing netlist for logic optimization
INFO: [Opt 31-138] Pushed 0 inverter(s) to 0 load pin(s).
Netlist sorting complete. Time (s): cpu = 00:00:00 ; elapsed = 00:00:00 . Memory (MB): peak = 1061.242 ; gain = 0.000
INFO: [Project 1-111] Unisim Transformation Summary:
No Unisim elements were transformed.

INFO: [Common 17-83] Releasing license: Synthesis
32 Infos, 4 Warnings, 0 Critical Warnings and 0 Errors encountered.
synth_design completed successfully
synth_design: Time (s): cpu = 00:00:19 ; elapsed = 00:00:23 . Memory (MB): peak = 1061.242 ; gain = 32.926
INFO: [Common 17-1381] The checkpoint 'C:/Users/wk09758/Downloads/lab07/lab07/lab07.runs/synth_1/top_rf_alu.dcp' has been generated.
INFO: [runtcl-4] Executing : report_utilization -file top_rf_alu_utilization_synth.rpt -pb top_rf_alu_utilization_synth.pb
INFO: [Common 17-206] Exiting Vivado at Thu Mar 12 10:45:43 2026...
